#
# A fatal error has been detected by the Java Runtime Environment:
#
#  Internal Error (javaClasses.cpp:129), pid=6772, tid=139778040002304
#  fatal error: Invalid layout of preloaded class
#
# JRE version: 7.0_15-b03
# Java VM: Java HotSpot(TM) 64-Bit Server VM (23.7-b01 mixed mode linux-amd64 compressed oops)
# Failed to write core dump. Core dumps have been disabled. To enable core dumping, try "ulimit -c unlimited" before starting Java again
#
# If you would like to submit a bug report, please visit:
#   http://bugreport.sun.com/bugreport/crash.jsp
#

---------------  T H R E A D  ---------------

Current thread (0x00007f2094009000):  JavaThread "Unknown thread" [_thread_in_vm, id=6774, stack(0x00007f209c5bf000,0x00007f209c6c0000)]

Stack: [0x00007f209c5bf000,0x00007f209c6c0000],  sp=0x00007f209c6be7e0,  free space=1021k
Native frames: (J=compiled Java code, j=interpreted, Vv=VM code, C=native code)
V  [libjvm.so+0x8a540a]  VMError::report_and_die()+0x2ea
V  [libjvm.so+0x40af39]  report_fatal(char const*, int, char const*)+0x59
V  [libjvm.so+0x555967]  compute_offset(int&, klassOopDesc*, Symbol*, Symbol*, bool)+0x137
V  [libjvm.so+0x556b29]  java_lang_String::compute_offsets()+0x39
V  [libjvm.so+0x8344c3]  SystemDictionary::initialize_preloaded_classes(Thread*)+0x143
V  [libjvm.so+0x880604]  Universe::genesis(Thread*)+0x474
V  [libjvm.so+0x880ab4]  universe2_init()+0x24
V  [libjvm.so+0x503d7d]  init_globals()+0xbd
V  [libjvm.so+0x867052]  Threads::create_vm(JavaVMInitArgs*, bool*)+0x1e2
V  [libjvm.so+0x563c34]  JNI_CreateJavaVM+0x74
C  [libjli.so+0x2f8e]  JavaMain+0x9e


---------------  P R O C E S S  ---------------

Java Threads: ( => current thread )

Other Threads:

=>0x00007f2094009000 (exited) JavaThread "Unknown thread" [_thread_in_vm, id=6774, stack(0x00007f209c5bf000,0x00007f209c6c0000)]

VM state:not at safepoint (not fully initialized)

VM Mutex/Monitor currently owned by a thread: None

GC Heap History (0 events):
No events

Deoptimization events (0 events):
No events

Internal exceptions (0 events):
No events

Events (10 events):
Event: 0.016 loading class 0x00007f209402b010 done
Event: 0.016 loading class 0x00007f209402a8b0 done
Event: 0.016 loading class 0x00007f209402a880
Event: 0.016 loading class 0x00007f209406f1b0
Event: 0.016 loading class 0x00007f209406f1b0 done
Event: 0.016 loading class 0x00007f209406f1f0
Event: 0.016 loading class 0x00007f209406f1f0 done
Event: 0.016 loading class 0x00007f209406f230
Event: 0.016 loading class 0x00007f209406f230 done
Event: 0.016 loading class 0x00007f209402a880 done


Dynamic libraries:
00400000-00401000 r-xp 00000000 08:06 3015023                            /usr/lib/jvm/java-7-oracle/bin/java
00600000-00601000 rw-p 00000000 08:06 3015023                            /usr/lib/jvm/java-7-oracle/bin/java
01692000-016b3000 rw-p 00000000 00:00 0                                  [heap]
be800000-bfcc0000 rw-p 00000000 00:00 0 
bfcc0000-c3a00000 rw-p 00000000 00:00 0 
c3a00000-c6240000 rw-p 00000000 00:00 0 
c6240000-ebe00000 rw-p 00000000 00:00 0 
ebe00000-ed210000 rw-p 00000000 00:00 0 
ed210000-100000000 rw-p 00000000 00:00 0 
7f207c000000-7f207c021000 rw-p 00000000 00:00 0 
7f207c021000-7f2080000000 ---p 00000000 00:00 0 
7f2081f40000-7f2084000000 rw-p 00000000 00:00 0 
7f2084000000-7f2084021000 rw-p 00000000 00:00 0 
7f2084021000-7f2088000000 ---p 00000000 00:00 0 
7f2088000000-7f2088021000 rw-p 00000000 00:00 0 
7f2088021000-7f208c000000 ---p 00000000 00:00 0 
7f208c000000-7f208c021000 rw-p 00000000 00:00 0 
7f208c021000-7f2090000000 ---p 00000000 00:00 0 
7f2091000000-7f2091270000 rwxp 00000000 00:00 0 
7f2091270000-7f2094079000 rw-p 00000000 00:00 0 
7f2094079000-7f2098000000 ---p 00000000 00:00 0 
7f20987e4000-7f20989dd000 rw-p 00000000 00:00 0 
7f20989dd000-7f2098a42000 r--s 004cb000 08:05 14425606                   /home/meuultrabook/Meus_Estudos/Projetos/Ferramentas_de_desenvolvimento/android-sdk-linux/platforms/android-8/android.jar
7f2098a42000-7f209929a000 rw-p 00000000 00:00 0 
7f209929a000-7f209929b000 ---p 00000000 00:00 0 
7f209929b000-7f209939b000 rw-p 00000000 00:00 0                          [stack:6778]
7f209939b000-7f209939c000 ---p 00000000 00:00 0 
7f209939c000-7f209949c000 rw-p 00000000 00:00 0                          [stack:6777]
7f209949c000-7f209949d000 ---p 00000000 00:00 0 
7f209949d000-7f209959d000 rw-p 00000000 00:00 0                          [stack:6776]
7f209959d000-7f209959e000 ---p 00000000 00:00 0 
7f209959e000-7f20996a9000 rw-p 00000000 00:00 0                          [stack:6775]
7f20996a9000-7f20996c7000 rw-p 00000000 00:00 0 
7f20996c7000-7f20996dc000 rw-p 00000000 00:00 0 
7f20996dc000-7f2099809000 rw-p 00000000 00:00 0 
7f2099809000-7f2099814000 rw-p 00000000 00:00 0 
7f2099814000-7f2099832000 rw-p 00000000 00:00 0 
7f2099832000-7f2099847000 rw-p 00000000 00:00 0 
7f2099847000-7f2099974000 rw-p 00000000 00:00 0 
7f2099974000-7f209997f000 rw-p 00000000 00:00 0 
7f209997f000-7f2099a15000 rw-p 00000000 00:00 0 
7f2099a15000-7f2099a16000 rw-p 00000000 00:00 0 
7f2099a16000-7f2099a30000 r-xp 00000000 08:06 3015802                    /usr/lib/jvm/java-7-oracle/jre/lib/amd64/libzip.so
7f2099a30000-7f2099c30000 ---p 0001a000 08:06 3015802                    /usr/lib/jvm/java-7-oracle/jre/lib/amd64/libzip.so
7f2099c30000-7f2099c31000 rw-p 0001a000 08:06 3015802                    /usr/lib/jvm/java-7-oracle/jre/lib/amd64/libzip.so
7f2099c31000-7f2099c3d000 r-xp 00000000 08:15 1314798                    /lib/x86_64-linux-gnu/libnss_files-2.15.so
7f2099c3d000-7f2099e3c000 ---p 0000c000 08:15 1314798                    /lib/x86_64-linux-gnu/libnss_files-2.15.so
7f2099e3c000-7f2099e3d000 r--p 0000b000 08:15 1314798                    /lib/x86_64-linux-gnu/libnss_files-2.15.so
7f2099e3d000-7f2099e3e000 rw-p 0000c000 08:15 1314798                    /lib/x86_64-linux-gnu/libnss_files-2.15.so
7f2099e3e000-7f2099e48000 r-xp 00000000 08:15 1314802                    /lib/x86_64-linux-gnu/libnss_nis-2.15.so
7f2099e48000-7f209a048000 ---p 0000a000 08:15 1314802                    /lib/x86_64-linux-gnu/libnss_nis-2.15.so
7f209a048000-7f209a049000 r--p 0000a000 08:15 1314802                    /lib/x86_64-linux-gnu/libnss_nis-2.15.so
7f209a049000-7f209a04a000 rw-p 0000b000 08:15 1314802                    /lib/x86_64-linux-gnu/libnss_nis-2.15.so
7f209a04a000-7f209a061000 r-xp 00000000 08:15 1314792                    /lib/x86_64-linux-gnu/libnsl-2.15.so
7f209a061000-7f209a260000 ---p 00017000 08:15 1314792                    /lib/x86_64-linux-gnu/libnsl-2.15.so
7f209a260000-7f209a261000 r--p 00016000 08:15 1314792                    /lib/x86_64-linux-gnu/libnsl-2.15.so
7f209a261000-7f209a262000 rw-p 00017000 08:15 1314792                    /lib/x86_64-linux-gnu/libnsl-2.15.so
7f209a262000-7f209a264000 rw-p 00000000 00:00 0 
7f209a264000-7f209a26c000 r-xp 00000000 08:15 1314794                    /lib/x86_64-linux-gnu/libnss_compat-2.15.so
7f209a26c000-7f209a46b000 ---p 00008000 08:15 1314794                    /lib/x86_64-linux-gnu/libnss_compat-2.15.so
7f209a46b000-7f209a46c000 r--p 00007000 08:15 1314794                    /lib/x86_64-linux-gnu/libnss_compat-2.15.so
7f209a46c000-7f209a46d000 rw-p 00008000 08:15 1314794                    /lib/x86_64-linux-gnu/libnss_compat-2.15.so
7f209a46d000-7f209a496000 r-xp 00000000 08:06 3015861                    /usr/lib/jvm/java-7-oracle/jre/lib/amd64/libjava.so
7f209a496000-7f209a696000 ---p 00029000 08:06 3015861                    /usr/lib/jvm/java-7-oracle/jre/lib/amd64/libjava.so
7f209a696000-7f209a698000 rw-p 00029000 08:06 3015861                    /usr/lib/jvm/java-7-oracle/jre/lib/amd64/libjava.so
7f209a698000-7f209a6a5000 r-xp 00000000 08:06 3015825                    /usr/lib/jvm/java-7-oracle/jre/lib/amd64/libverify.so
7f209a6a5000-7f209a8a4000 ---p 0000d000 08:06 3015825                    /usr/lib/jvm/java-7-oracle/jre/lib/amd64/libverify.so
7f209a8a4000-7f209a8a6000 rw-p 0000c000 08:06 3015825                    /usr/lib/jvm/java-7-oracle/jre/lib/amd64/libverify.so
7f209a8a6000-7f209a8ad000 r-xp 00000000 08:15 1314837                    /lib/x86_64-linux-gnu/librt-2.15.so
7f209a8ad000-7f209aaac000 ---p 00007000 08:15 1314837                    /lib/x86_64-linux-gnu/librt-2.15.so
7f209aaac000-7f209aaad000 r--p 00006000 08:15 1314837                    /lib/x86_64-linux-gnu/librt-2.15.so
7f209aaad000-7f209aaae000 rw-p 00007000 08:15 1314837                    /lib/x86_64-linux-gnu/librt-2.15.so
7f209aaae000-7f209aba9000 r-xp 00000000 08:15 1314775                    /lib/x86_64-linux-gnu/libm-2.15.so
7f209aba9000-7f209ada8000 ---p 000fb000 08:15 1314775                    /lib/x86_64-linux-gnu/libm-2.15.so
7f209ada8000-7f209ada9000 r--p 000fa000 08:15 1314775                    /lib/x86_64-linux-gnu/libm-2.15.so
7f209ada9000-7f209adaa000 rw-p 000fb000 08:15 1314775                    /lib/x86_64-linux-gnu/libm-2.15.so
7f209adaa000-7f209b7f1000 r-xp 00000000 08:06 3015835                    /usr/lib/jvm/java-7-oracle/jre/lib/amd64/server/libjvm.so
7f209b7f1000-7f209b9f1000 ---p 00a47000 08:06 3015835                    /usr/lib/jvm/java-7-oracle/jre/lib/amd64/server/libjvm.so
7f209b9f1000-7f209ba94000 rw-p 00a47000 08:06 3015835                    /usr/lib/jvm/java-7-oracle/jre/lib/amd64/server/libjvm.so
7f209ba94000-7f209bad0000 rw-p 00000000 00:00 0 
7f209bad0000-7f209bc85000 r-xp 00000000 08:15 1314733                    /lib/x86_64-linux-gnu/libc-2.15.so
7f209bc85000-7f209be84000 ---p 001b5000 08:15 1314733                    /lib/x86_64-linux-gnu/libc-2.15.so
7f209be84000-7f209be88000 r--p 001b4000 08:15 1314733                    /lib/x86_64-linux-gnu/libc-2.15.so
7f209be88000-7f209be8a000 rw-p 001b8000 08:15 1314733                    /lib/x86_64-linux-gnu/libc-2.15.so
7f209be8a000-7f209be8f000 rw-p 00000000 00:00 0 
7f209be8f000-7f209be91000 r-xp 00000000 08:15 1314748                    /lib/x86_64-linux-gnu/libdl-2.15.so
7f209be91000-7f209c091000 ---p 00002000 08:15 1314748                    /lib/x86_64-linux-gnu/libdl-2.15.so
7f209c091000-7f209c092000 r--p 00002000 08:15 1314748                    /lib/x86_64-linux-gnu/libdl-2.15.so
7f209c092000-7f209c093000 rw-p 00003000 08:15 1314748                    /lib/x86_64-linux-gnu/libdl-2.15.so
7f209c093000-7f209c0a9000 r-xp 00000000 08:06 3015823                    /usr/lib/jvm/java-7-oracle/jre/lib/amd64/jli/libjli.so
7f209c0a9000-7f209c2a9000 ---p 00016000 08:06 3015823                    /usr/lib/jvm/java-7-oracle/jre/lib/amd64/jli/libjli.so
7f209c2a9000-7f209c2aa000 rw-p 00016000 08:06 3015823                    /usr/lib/jvm/java-7-oracle/jre/lib/amd64/jli/libjli.so
7f209c2aa000-7f209c2c2000 r-xp 00000000 08:15 1314829                    /lib/x86_64-linux-gnu/libpthread-2.15.so
7f209c2c2000-7f209c4c1000 ---p 00018000 08:15 1314829                    /lib/x86_64-linux-gnu/libpthread-2.15.so
7f209c4c1000-7f209c4c2000 r--p 00017000 08:15 1314829                    /lib/x86_64-linux-gnu/libpthread-2.15.so
7f209c4c2000-7f209c4c3000 rw-p 00018000 08:15 1314829                    /lib/x86_64-linux-gnu/libpthread-2.15.so
7f209c4c3000-7f209c4c7000 rw-p 00000000 00:00 0 
7f209c4c7000-7f209c4e9000 r-xp 00000000 08:15 1314709                    /lib/x86_64-linux-gnu/ld-2.15.so
7f209c4ff000-7f209c509000 rw-p 00000000 00:00 0 
7f209c509000-7f209c5bf000 rw-p 00000000 00:00 0 
7f209c5bf000-7f209c5c2000 ---p 00000000 00:00 0 
7f209c5c2000-7f209c6c4000 rw-p 00000000 00:00 0                          [stack:6774]
7f209c6dd000-7f209c6e5000 rw-s 00000000 08:15 1038                       /tmp/hsperfdata_meuultrabook/6772
7f209c6e5000-7f209c6e6000 rw-p 00000000 00:00 0 
7f209c6e6000-7f209c6e7000 r--p 00000000 00:00 0 
7f209c6e7000-7f209c6e9000 rw-p 00000000 00:00 0 
7f209c6e9000-7f209c6ea000 r--p 00022000 08:15 1314709                    /lib/x86_64-linux-gnu/ld-2.15.so
7f209c6ea000-7f209c6ec000 rw-p 00023000 08:15 1314709                    /lib/x86_64-linux-gnu/ld-2.15.so
7fffab7f2000-7fffab813000 rw-p 00000000 00:00 0                          [stack]
7fffab8bc000-7fffab8bd000 r-xp 00000000 00:00 0                          [vdso]
ffffffffff600000-ffffffffff601000 r-xp 00000000 00:00 0                  [vsyscall]

VM Arguments:
jvm_args: -Dfile.encoding=UTF-8 -Xbootclasspath:/home/meuultrabook/Meus_Estudos/Projetos/Ferramentas_de_desenvolvimento/android-sdk-linux/platforms/android-8/android.jar:/home/meuultrabook/Meus_Estudos/Projetos/Ferramentas_de_desenvolvimento/android-sdk-linux/add-ons/addon-google_apis-google-8/libs/maps.jar 
java_command: siga.mobile.gpx.xml.wpt.TesteWpt
Launcher Type: SUN_STANDARD

Environment Variables:
PATH=/usr/lib/lightdm/lightdm:/usr/local/sbin:/usr/local/bin:/usr/sbin:/usr/bin:/sbin:/bin:/usr/games:/usr/local/games
SHELL=/bin/bash
DISPLAY=:0.0

Signal Handlers:
SIGSEGV: [libjvm.so+0x8a5d70], sa_mask[0]=0x7ffbfeff, sa_flags=0x10000004
SIGBUS: [libjvm.so+0x8a5d70], sa_mask[0]=0x7ffbfeff, sa_flags=0x10000004
SIGFPE: [libjvm.so+0x741e50], sa_mask[0]=0x7ffbfeff, sa_flags=0x10000004
SIGPIPE: [libjvm.so+0x741e50], sa_mask[0]=0x7ffbfeff, sa_flags=0x10000004
SIGXFSZ: [libjvm.so+0x741e50], sa_mask[0]=0x7ffbfeff, sa_flags=0x10000004
SIGILL: [libjvm.so+0x741e50], sa_mask[0]=0x7ffbfeff, sa_flags=0x10000004
SIGUSR1: SIG_DFL, sa_mask[0]=0x00000000, sa_flags=0x00000000
SIGUSR2: [libjvm.so+0x7417a0], sa_mask[0]=0x00000004, sa_flags=0x10000004
SIGHUP: SIG_DFL, sa_mask[0]=0x00000000, sa_flags=0x00000000
SIGINT: SIG_DFL, sa_mask[0]=0x00000000, sa_flags=0x00000000
SIGTERM: SIG_DFL, sa_mask[0]=0x00000000, sa_flags=0x00000000
SIGQUIT: SIG_DFL, sa_mask[0]=0x00000000, sa_flags=0x00000000


---------------  S Y S T E M  ---------------

OS:wheezy/sid

uname:Linux 3.5.0-25-generic #39-Ubuntu SMP Mon Feb 25 18:26:58 UTC 2013 x86_64
libc:glibc 2.15 NPTL 2.15 
rlimit: STACK 8192k, CORE 0k, NPROC 30653, NOFILE 4096, AS infinity
load average:0.19 0.22 0.22

/proc/meminfo:
MemTotal:        3949376 kB
MemFree:          622064 kB
Buffers:          101256 kB
Cached:          1645204 kB
SwapCached:            0 kB
Active:          1412104 kB
Inactive:        1507292 kB
Active(anon):    1245992 kB
Inactive(anon):   953984 kB
Active(file):     166112 kB
Inactive(file):   553308 kB
Unevictable:       31340 kB
Mlocked:           31340 kB
SwapTotal:       3634172 kB
SwapFree:        3634172 kB
Dirty:               160 kB
Writeback:             0 kB
AnonPages:       1204692 kB
Mapped:           144620 kB
Shmem:           1020912 kB
Slab:             278728 kB
SReclaimable:     104708 kB
SUnreclaim:       174020 kB
KernelStack:        3416 kB
PageTables:        26268 kB
NFS_Unstable:          0 kB
Bounce:                0 kB
WritebackTmp:          0 kB
CommitLimit:     5608860 kB
Committed_AS:    3883116 kB
VmallocTotal:   34359738367 kB
VmallocUsed:      556540 kB
VmallocChunk:   34359162448 kB
HardwareCorrupted:     0 kB
AnonHugePages:         0 kB
HugePages_Total:       0
HugePages_Free:        0
HugePages_Rsvd:        0
HugePages_Surp:        0
Hugepagesize:       2048 kB
DirectMap4k:       69632 kB
DirectMap2M:     4032512 kB


CPU:total 4 (2 cores per cpu, 2 threads per core) family 6 model 58 stepping 9, cmov, cx8, fxsr, mmx, sse, sse2, sse3, ssse3, sse4.1, sse4.2, popcnt, avx, ht, tsc, tscinvbit, tscinv

/proc/cpuinfo:
processor	: 0
vendor_id	: GenuineIntel
cpu family	: 6
model		: 58
model name	: Intel(R) Core(TM) i5-3317U CPU @ 1.70GHz
stepping	: 9
microcode	: 0x12
cpu MHz		: 1700.000
cache size	: 3072 KB
physical id	: 0
siblings	: 4
core id		: 0
cpu cores	: 2
apicid		: 0
initial apicid	: 0
fpu		: yes
fpu_exception	: yes
cpuid level	: 13
wp		: yes
flags		: fpu vme de pse tsc msr pae mce cx8 apic sep mtrr pge mca cmov pat pse36 clflush dts acpi mmx fxsr sse sse2 ss ht tm pbe syscall nx rdtscp lm constant_tsc arch_perfmon pebs bts rep_good nopl xtopology nonstop_tsc aperfmperf pni pclmulqdq dtes64 monitor ds_cpl vmx est tm2 ssse3 cx16 xtpr pdcm pcid sse4_1 sse4_2 x2apic popcnt tsc_deadline_timer aes xsave avx f16c rdrand lahf_lm ida arat epb xsaveopt pln pts dtherm tpr_shadow vnmi flexpriority ept vpid fsgsbase smep erms
bogomips	: 3392.37
clflush size	: 64
cache_alignment	: 64
address sizes	: 36 bits physical, 48 bits virtual
power management:

processor	: 1
vendor_id	: GenuineIntel
cpu family	: 6
model		: 58
model name	: Intel(R) Core(TM) i5-3317U CPU @ 1.70GHz
stepping	: 9
microcode	: 0x12
cpu MHz		: 1700.000
cache size	: 3072 KB
physical id	: 0
siblings	: 4
core id		: 0
cpu cores	: 2
apicid		: 1
initial apicid	: 1
fpu		: yes
fpu_exception	: yes
cpuid level	: 13
wp		: yes
flags		: fpu vme de pse tsc msr pae mce cx8 apic sep mtrr pge mca cmov pat pse36 clflush dts acpi mmx fxsr sse sse2 ss ht tm pbe syscall nx rdtscp lm constant_tsc arch_perfmon pebs bts rep_good nopl xtopology nonstop_tsc aperfmperf pni pclmulqdq dtes64 monitor ds_cpl vmx est tm2 ssse3 cx16 xtpr pdcm pcid sse4_1 sse4_2 x2apic popcnt tsc_deadline_timer aes xsave avx f16c rdrand lahf_lm ida arat epb xsaveopt pln pts dtherm tpr_shadow vnmi flexpriority ept vpid fsgsbase smep erms
bogomips	: 3392.37
clflush size	: 64
cache_alignment	: 64
address sizes	: 36 bits physical, 48 bits virtual
power management:

processor	: 2
vendor_id	: GenuineIntel
cpu family	: 6
model		: 58
model name	: Intel(R) Core(TM) i5-3317U CPU @ 1.70GHz
stepping	: 9
microcode	: 0x12
cpu MHz		: 1700.000
cache size	: 3072 KB
physical id	: 0
siblings	: 4
core id		: 1
cpu cores	: 2
apicid		: 2
initial apicid	: 2
fpu		: yes
fpu_exception	: yes
cpuid level	: 13
wp		: yes
flags		: fpu vme de pse tsc msr pae mce cx8 apic sep mtrr pge mca cmov pat pse36 clflush dts acpi mmx fxsr sse sse2 ss ht tm pbe syscall nx rdtscp lm constant_tsc arch_perfmon pebs bts rep_good nopl xtopology nonstop_tsc aperfmperf pni pclmulqdq dtes64 monitor ds_cpl vmx est tm2 ssse3 cx16 xtpr pdcm pcid sse4_1 sse4_2 x2apic popcnt tsc_deadline_timer aes xsave avx f16c rdrand lahf_lm ida arat epb xsaveopt pln pts dtherm tpr_shadow vnmi flexpriority ept vpid fsgsbase smep erms
bogomips	: 3392.37
clflush size	: 64
cache_alignment	: 64
address sizes	: 36 bits physical, 48 bits virtual
power management:

processor	: 3
vendor_id	: GenuineIntel
cpu family	: 6
model		: 58
model name	: Intel(R) Core(TM) i5-3317U CPU @ 1.70GHz
stepping	: 9
microcode	: 0x12
cpu MHz		: 782.000
cache size	: 3072 KB
physical id	: 0
siblings	: 4
core id		: 1
cpu cores	: 2
apicid		: 3
initial apicid	: 3
fpu		: yes
fpu_exception	: yes
cpuid level	: 13
wp		: yes
flags		: fpu vme de pse tsc msr pae mce cx8 apic sep mtrr pge mca cmov pat pse36 clflush dts acpi mmx fxsr sse sse2 ss ht tm pbe syscall nx rdtscp lm constant_tsc arch_perfmon pebs bts rep_good nopl xtopology nonstop_tsc aperfmperf pni pclmulqdq dtes64 monitor ds_cpl vmx est tm2 ssse3 cx16 xtpr pdcm pcid sse4_1 sse4_2 x2apic popcnt tsc_deadline_timer aes xsave avx f16c rdrand lahf_lm ida arat epb xsaveopt pln pts dtherm tpr_shadow vnmi flexpriority ept vpid fsgsbase smep erms
bogomips	: 3392.37
clflush size	: 64
cache_alignment	: 64
address sizes	: 36 bits physical, 48 bits virtual
power management:



Memory: 4k page, physical 3949376k(622064k free), swap 3634172k(3634172k free)

vm_info: Java HotSpot(TM) 64-Bit Server VM (23.7-b01) for linux-amd64 JRE (1.7.0_15-b03), built on Feb 15 2013 13:03:43 by "java_re" with gcc 4.3.0 20080428 (Red Hat 4.3.0-8)

time: Wed Mar  6 19:20:44 2013
elapsed time: 0 seconds

